file /home/cadtc/nes/fceux-2.2.2/SConstruct,line 92:
	Configure(confdir = .sconf_temp)
scons: Configure: Checking for C library dw... 
scons: Configure: ".sconf_temp/conftest_0.c" is up to date.
scons: Configure: The original builder output was:
  |.sconf_temp/conftest_0.c <-
  |  |
  |  |
  |  |
  |  |int
  |  |main() {
  |  |  
  |  |return 0;
  |  |}
  |  |
  |
scons: Configure: ".sconf_temp/conftest_0.o" is up to date.
scons: Configure: The original builder output was:
  |/usr/local/arm/4.5.1/bin/arm-linux-gcc -o .sconf_temp/conftest_0.o -c -I/usr/local/arm/4.5.1/arm-none-linux-gnueabi/include -I/usr/local/arm/4.5.1/arm-none-linux-gnueabi/include/SDL -Wall -Wno-write-strings -Wno-sign-compare -DPUBLIC_RELEASE .sconf_temp/conftest_0.c
  |
/usr/local/arm/4.5.1/bin/arm-linux-gcc -o .sconf_temp/conftest_0 -L/usr/local/arm/4.5.1/arm-none-linux-gnueabi/sys-root/lib -lSDL -lz -liconv -lts .sconf_temp/conftest_0.o -ldw
/usr/local/arm/4.5.1/bin/../lib/gcc/arm-none-linux-gnueabi/4.5.1/../../../../arm-none-linux-gnueabi/bin/ld: cannot find -ldw
collect2: ld returned 1 exit status
scons: Configure: no

scons: Configure: Checking for C function asprintf()... 
scons: Configure: ".sconf_temp/conftest_1.c" is up to date.
scons: Configure: The original builder output was:
  |.sconf_temp/conftest_1.c <-
  |  |
  |  |
  |  |#include <assert.h>
  |  |
  |  |#ifdef __cplusplus
  |  |extern "C"
  |  |#endif
  |  |char asprintf();
  |  |
  |  |int main() {
  |  |#if defined (__stub_asprintf) || defined (__stub___asprintf)
  |  |  fail fail fail
  |  |#else
  |  |  asprintf();
  |  |#endif
  |  |
  |  |  return 0;
  |  |}
  |  |
  |
scons: Configure: ".sconf_temp/conftest_1.o" is up to date.
scons: Configure: The original builder output was:
  |/usr/local/arm/4.5.1/bin/arm-linux-gcc -o .sconf_temp/conftest_1.o -c -I/usr/local/arm/4.5.1/arm-none-linux-gnueabi/include -I/usr/local/arm/4.5.1/arm-none-linux-gnueabi/include/SDL -Wall -Wno-write-strings -Wno-sign-compare -DPUBLIC_RELEASE .sconf_temp/conftest_1.c
  |
/usr/local/arm/4.5.1/bin/arm-linux-gcc -o .sconf_temp/conftest_1 -L/usr/local/arm/4.5.1/arm-none-linux-gnueabi/sys-root/lib -lSDL -lz -liconv -lts .sconf_temp/conftest_1.o
scons: Configure: yes

scons: Configure: Checking for C library SDL... 
scons: Configure: ".sconf_temp/conftest_2.c" is up to date.
scons: Configure: The original builder output was:
  |.sconf_temp/conftest_2.c <-
  |  |
  |  |
  |  |
  |  |int
  |  |main() {
  |  |  
  |  |return 0;
  |  |}
  |  |
  |
scons: Configure: ".sconf_temp/conftest_2.o" is up to date.
scons: Configure: The original builder output was:
  |/usr/local/arm/4.5.1/bin/arm-linux-gcc -o .sconf_temp/conftest_2.o -c -I/usr/local/arm/4.5.1/arm-none-linux-gnueabi/include -I/usr/local/arm/4.5.1/arm-none-linux-gnueabi/include/SDL -Wall -Wno-write-strings -Wno-sign-compare -DHAVE_ASPRINTF -DPUBLIC_RELEASE .sconf_temp/conftest_2.c
  |
/usr/local/arm/4.5.1/bin/arm-linux-gcc -o .sconf_temp/conftest_2 -L/usr/local/arm/4.5.1/arm-none-linux-gnueabi/sys-root/lib -lSDL -lz -liconv -lts .sconf_temp/conftest_2.o -lSDL
scons: Configure: yes


